{"asctime": "2025-12-14 19:09:23,815", "levelname": "INFO", "name": "request", "message": "http_request", "taskName": "Task-1494", "method": "OPTIONS", "path": "/api/admin/logout", "status_code": 200, "elapsed_ms": 0.19}
{"asctime": "2025-12-14 19:09:24,133", "levelname": "INFO", "name": "request", "message": "http_request", "taskName": "Task-1498", "method": "POST", "path": "/api/admin/logout", "status_code": 200, "elapsed_ms": 1.71}
{"asctime": "2025-12-14 19:13:55,748", "levelname": "INFO", "name": "request", "message": "http_request", "taskName": "Task-1504", "method": "OPTIONS", "path": "/api/admin/me", "status_code": 200, "elapsed_ms": 0.39}
{"asctime": "2025-12-14 19:13:55,748", "levelname": "INFO", "name": "request", "message": "http_request", "taskName": "Task-1506", "method": "OPTIONS", "path": "/api/admin/me", "status_code": 200, "elapsed_ms": 0.78}
{"asctime": "2025-12-14 19:13:56,063", "levelname": "INFO", "name": "request", "message": "http_request", "taskName": "Task-1510", "method": "GET", "path": "/api/admin/me", "status_code": 401, "elapsed_ms": 1.81}
{"asctime": "2025-12-14 19:13:56,073", "levelname": "INFO", "name": "request", "message": "http_request", "taskName": "Task-1513", "method": "GET", "path": "/api/admin/me", "status_code": 401, "elapsed_ms": 2.11}
{"asctime": "2025-12-14 19:14:07,013", "levelname": "INFO", "name": "request", "message": "http_request", "taskName": "Task-1517", "method": "OPTIONS", "path": "/api/admin/login", "status_code": 200, "elapsed_ms": 0.19}
{"asctime": "2025-12-14 19:14:07,116", "levelname": "INFO", "name": "request", "message": "http_request", "taskName": "Task-1519", "method": "POST", "path": "/api/admin/login", "status_code": 200, "elapsed_ms": 94.44}
{"asctime": "2025-12-14 19:14:20,944", "levelname": "INFO", "name": "request", "message": "http_request", "taskName": "Task-4", "method": "POST", "path": "/api/admin/login", "status_code": 200, "elapsed_ms": 69.88}
{"asctime": "2025-12-14 19:14:20,957", "levelname": "INFO", "name": "request", "message": "http_request", "taskName": "Task-11", "method": "GET", "path": "/api/admin/me", "status_code": 200, "elapsed_ms": 3.25}
{"asctime": "2025-12-14 19:14:21,280", "levelname": "INFO", "name": "request", "message": "http_request", "taskName": "Task-16", "method": "OPTIONS", "path": "/api/admin/settings", "status_code": 200, "elapsed_ms": 0.19}
{"asctime": "2025-12-14 19:14:21,291", "levelname": "INFO", "name": "request", "message": "http_request", "taskName": "Task-18", "method": "GET", "path": "/api/admin/settings", "status_code": 200, "elapsed_ms": 7.26}
{"asctime": "2025-12-14 19:14:21,298", "levelname": "INFO", "name": "request", "message": "http_request", "taskName": "Task-21", "method": "OPTIONS", "path": "/api/admin/promos", "status_code": 200, "elapsed_ms": 0.2}
{"asctime": "2025-12-14 19:14:21,306", "levelname": "INFO", "name": "request", "message": "http_request", "taskName": "Task-23", "method": "GET", "path": "/api/admin/promos", "status_code": 200, "elapsed_ms": 4.77}
{"asctime": "2025-12-14 19:14:25,673", "levelname": "INFO", "name": "request", "message": "http_request", "taskName": "Task-27", "method": "OPTIONS", "path": "/api/admin/settings", "status_code": 200, "elapsed_ms": 0.26}
{"asctime": "2025-12-14 19:14:25,687", "levelname": "INFO", "name": "app.api.admin", "message": "\u0421\u043e\u0445\u0440\u0430\u043d\u0435\u043d\u0438\u0435 \u043d\u0430\u0441\u0442\u0440\u043e\u0435\u043a \u0430\u0434\u043c\u0438\u043d\u043a\u0438", "taskName": null, "admin": "admin", "telegram_enabled": true, "telegram_chat_id": "-100301868..."}
{"asctime": "2025-12-14 19:14:25,700", "levelname": "INFO", "name": "app.api.admin", "message": "\u041d\u0430\u0441\u0442\u0440\u043e\u0439\u043a\u0438 \u0443\u0441\u043f\u0435\u0448\u043d\u043e \u0441\u043e\u0445\u0440\u0430\u043d\u0435\u043d\u044b", "taskName": null, "admin": "admin"}
{"asctime": "2025-12-14 19:14:25,701", "levelname": "INFO", "name": "request", "message": "http_request", "taskName": "Task-29", "method": "PUT", "path": "/api/admin/settings", "status_code": 200, "elapsed_ms": 18.85}
{"asctime": "2025-12-14 19:14:25,715", "levelname": "INFO", "name": "request", "message": "http_request", "taskName": "Task-36", "method": "GET", "path": "/api/admin/me", "status_code": 200, "elapsed_ms": 3.89}
{"asctime": "2025-12-14 19:14:25,726", "levelname": "INFO", "name": "request", "message": "http_request", "taskName": "Task-39", "method": "GET", "path": "/api/admin/settings", "status_code": 200, "elapsed_ms": 6.37}
{"asctime": "2025-12-14 19:14:25,737", "levelname": "INFO", "name": "request", "message": "http_request", "taskName": "Task-42", "method": "GET", "path": "/api/admin/promos", "status_code": 200, "elapsed_ms": 3.56}
{"asctime": "2025-12-14 19:14:33,433", "levelname": "INFO", "name": "request", "message": "http_request", "taskName": "Task-45", "method": "OPTIONS", "path": "/api/game/new", "status_code": 200, "elapsed_ms": 0.19}
{"asctime": "2025-12-14 19:14:33,439", "levelname": "INFO", "name": "request", "message": "http_request", "taskName": "Task-47", "method": "OPTIONS", "path": "/api/game/new", "status_code": 200, "elapsed_ms": 0.19}
{"asctime": "2025-12-14 19:14:33,466", "levelname": "INFO", "name": "request", "message": "http_request", "taskName": "Task-49", "method": "POST", "path": "/api/game/new", "status_code": 200, "elapsed_ms": 17.25}
{"asctime": "2025-12-14 19:14:33,492", "levelname": "INFO", "name": "request", "message": "http_request", "taskName": "Task-56", "method": "POST", "path": "/api/game/new", "status_code": 200, "elapsed_ms": 7.56}
{"asctime": "2025-12-14 19:14:39,052", "levelname": "INFO", "name": "request", "message": "http_request", "taskName": "Task-66", "method": "OPTIONS", "path": "/api/game/new", "status_code": 200, "elapsed_ms": 0.27}
{"asctime": "2025-12-14 19:14:39,053", "levelname": "INFO", "name": "request", "message": "http_request", "taskName": "Task-68", "method": "OPTIONS", "path": "/api/game/new", "status_code": 200, "elapsed_ms": 0.21}
{"asctime": "2025-12-14 19:14:39,097", "levelname": "INFO", "name": "request", "message": "http_request", "taskName": "Task-70", "method": "POST", "path": "/api/game/new", "status_code": 200, "elapsed_ms": 33.81}
{"asctime": "2025-12-14 19:14:39,119", "levelname": "INFO", "name": "request", "message": "http_request", "taskName": "Task-73", "method": "POST", "path": "/api/game/new", "status_code": 200, "elapsed_ms": 55.39}
{"asctime": "2025-12-14 19:14:40,391", "levelname": "INFO", "name": "request", "message": "http_request", "taskName": "Task-84", "method": "POST", "path": "/api/game/move", "status_code": 200, "elapsed_ms": 12.64}
{"asctime": "2025-12-14 19:14:43,456", "levelname": "INFO", "name": "request", "message": "http_request", "taskName": "Task-91", "method": "POST", "path": "/api/game/new", "status_code": 200, "elapsed_ms": 12.79}
{"asctime": "2025-12-14 19:14:44,456", "levelname": "INFO", "name": "request", "message": "http_request", "taskName": "Task-98", "method": "POST", "path": "/api/game/move", "status_code": 200, "elapsed_ms": 10.24}
{"asctime": "2025-12-14 19:14:45,749", "levelname": "INFO", "name": "request", "message": "http_request", "taskName": "Task-105", "method": "POST", "path": "/api/game/move", "status_code": 200, "elapsed_ms": 10.22}
{"asctime": "2025-12-14 19:14:46,726", "levelname": "INFO", "name": "request", "message": "http_request", "taskName": "Task-112", "method": "POST", "path": "/api/game/move", "status_code": 200, "elapsed_ms": 11.7}
{"asctime": "2025-12-14 19:14:47,852", "levelname": "INFO", "name": "request", "message": "http_request", "taskName": "Task-119", "method": "POST", "path": "/api/game/move", "status_code": 200, "elapsed_ms": 12.29}
{"asctime": "2025-12-14 19:14:48,801", "levelname": "INFO", "name": "request", "message": "http_request", "taskName": "Task-126", "method": "POST", "path": "/api/game/move", "status_code": 200, "elapsed_ms": 11.67}
{"asctime": "2025-12-14 19:14:50,268", "levelname": "INFO", "name": "request", "message": "http_request", "taskName": "Task-133", "method": "POST", "path": "/api/game/new", "status_code": 200, "elapsed_ms": 12.92}
{"asctime": "2025-12-14 19:14:51,266", "levelname": "INFO", "name": "request", "message": "http_request", "taskName": "Task-140", "method": "POST", "path": "/api/game/move", "status_code": 200, "elapsed_ms": 11.3}
{"asctime": "2025-12-14 19:14:52,278", "levelname": "INFO", "name": "request", "message": "http_request", "taskName": "Task-147", "method": "POST", "path": "/api/game/move", "status_code": 200, "elapsed_ms": 14.47}
{"asctime": "2025-12-14 19:14:53,257", "levelname": "INFO", "name": "request", "message": "http_request", "taskName": "Task-154", "method": "POST", "path": "/api/game/move", "status_code": 200, "elapsed_ms": 9.28}
{"asctime": "2025-12-14 19:14:54,391", "levelname": "INFO", "name": "request", "message": "http_request", "taskName": "Task-161", "method": "POST", "path": "/api/game/move", "status_code": 200, "elapsed_ms": 8.94}
{"asctime": "2025-12-14 19:14:55,100", "levelname": "INFO", "name": "request", "message": "http_request", "taskName": "Task-168", "method": "POST", "path": "/api/game/move", "status_code": 200, "elapsed_ms": 11.07}
{"asctime": "2025-12-14 19:14:56,209", "levelname": "INFO", "name": "request", "message": "http_request", "taskName": "Task-175", "method": "POST", "path": "/api/game/new", "status_code": 200, "elapsed_ms": 10.04}
{"asctime": "2025-12-14 19:14:57,937", "levelname": "INFO", "name": "request", "message": "http_request", "taskName": "Task-182", "method": "POST", "path": "/api/game/move", "status_code": 200, "elapsed_ms": 11.71}
{"asctime": "2025-12-14 19:14:58,906", "levelname": "INFO", "name": "request", "message": "http_request", "taskName": "Task-189", "method": "POST", "path": "/api/game/move", "status_code": 200, "elapsed_ms": 9.82}
{"asctime": "2025-12-14 19:14:59,909", "levelname": "INFO", "name": "request", "message": "http_request", "taskName": "Task-196", "method": "POST", "path": "/api/game/move", "status_code": 200, "elapsed_ms": 10.1}
{"asctime": "2025-12-14 19:14:59,934", "levelname": "INFO", "name": "app.api.game", "message": "\u0417\u0430\u043f\u0440\u043e\u0441 \u043f\u0440\u043e\u043c\u043e\u043a\u043e\u0434\u0430 \u0437\u0430 \u043f\u043e\u0434\u0430\u0440\u043a\u0438", "taskName": null, "session_id": "d179077c-c8f8-4a57-9240-b19d83988db2"}
{"asctime": "2025-12-14 19:15:00,252", "levelname": "INFO", "name": "app.api.game", "message": "\u041e\u0442\u043f\u0440\u0430\u0432\u043a\u0430 \u0432 Telegram \u043f\u0440\u043e\u043c\u043e \u0437\u0430 \u043f\u043e\u0434\u0430\u0440\u043a\u0438", "taskName": null, "chat_id": "-1003018683678", "promo_code": "98658"}
{"asctime": "2025-12-14 19:15:00,254", "levelname": "INFO", "name": "request", "message": "http_request", "taskName": "Task-203", "method": "POST", "path": "/api/game/gift-promo", "status_code": 200, "elapsed_ms": 321.63}
{"asctime": "2025-12-14 19:15:00,254", "levelname": "INFO", "name": "app.services.telegram", "message": "\u041e\u0442\u043f\u0440\u0430\u0432\u043a\u0430 \u0441\u043e\u043e\u0431\u0449\u0435\u043d\u0438\u044f \u0432 Telegram", "taskName": null, "chat_id": "-1003018683678", "chat_id_to_send": -1003018683678, "text_length": 74}
{"asctime": "2025-12-14 19:15:01,128", "levelname": "INFO", "name": "app.services.telegram", "message": "\u0421\u043e\u043e\u0431\u0449\u0435\u043d\u0438\u0435 \u0443\u0441\u043f\u0435\u0448\u043d\u043e \u043e\u0442\u043f\u0440\u0430\u0432\u043b\u0435\u043d\u043e \u0432 Telegram", "taskName": null, "chat_id": "-1003018683678"}
{"asctime": "2025-12-14 19:15:05,772", "levelname": "INFO", "name": "request", "message": "http_request", "taskName": "Task-211", "method": "POST", "path": "/api/game/new", "status_code": 200, "elapsed_ms": 11.99}
